[debug] [2021-11-18T16:35:33.121Z] ----------------------------------------------------------------------
[debug] [2021-11-18T16:35:33.126Z] Command:       C:\Program Files\nodejs\node.exe C:\Users\User\AppData\Roaming\npm\node_modules\firebase-tools\lib\bin\firebase.js init
[debug] [2021-11-18T16:35:33.127Z] CLI Version:   9.22.0
[debug] [2021-11-18T16:35:33.127Z] Platform:      win32
[debug] [2021-11-18T16:35:33.127Z] Node Version:  v14.17.1
[debug] [2021-11-18T16:35:33.129Z] Time:          Thu Nov 18 2021 22:35:33 GMT+0600 (Bangladesh Standard Time)
[debug] [2021-11-18T16:35:33.129Z] ----------------------------------------------------------------------
[debug] 
[debug] [2021-11-18T16:35:33.133Z] >>> [apiv2][query] GET https://firebase-public.firebaseio.com/cli.json [none]
[debug] [2021-11-18T16:35:33.223Z] > command requires scopes: ["email","openid","https://www.googleapis.com/auth/cloudplatformprojects.readonly","https://www.googleapis.com/auth/firebase","https://www.googleapis.com/auth/cloud-platform"]
[debug] [2021-11-18T16:35:33.223Z] > authorizing via signed-in user (shamiurrahman1607a1997@gmail.com)
[info] 
     ######## #### ########  ######## ########     ###     ######  ########
     ##        ##  ##     ## ##       ##     ##  ##   ##  ##       ##
     ######    ##  ########  ######   ########  #########  ######  ######
     ##        ##  ##    ##  ##       ##     ## ##     ##       ## ##
     ##       #### ##     ## ######## ########  ##     ##  ######  ########

You're about to initialize a Firebase project in this directory:

  D:\T\tour

Before we get started, keep in mind:

  * You are initializing within an existing Firebase project directory

[debug] [2021-11-18T16:35:34.257Z] <<< [apiv2][status] GET https://firebase-public.firebaseio.com/cli.json 200
[debug] [2021-11-18T16:35:34.257Z] <<< [apiv2][body] GET https://firebase-public.firebaseio.com/cli.json {"cloudBuildErrorAfter":1594252800000,"cloudBuildWarnAfter":1590019200000,"defaultNode10After":1594252800000,"minVersion":"3.0.5","node8DeploysDisabledAfter":1613390400000,"node8RuntimeDisabledAfter":1615809600000,"node8WarnAfter":1600128000000}
[info] 
=== Project Setup
[info] 
[info] First, let's associate this project directory with a Firebase project.
[info] You can create multiple project aliases by running firebase use --add, 
[info] but for now we'll just set up a default project.
[info] 
[info] i  .firebaserc already has a default project, using react-dental-authentication. 
[debug] [2021-11-18T16:36:12.328Z] > refreshing access token with scopes: []
[debug] [2021-11-18T16:36:12.328Z] >>> HTTP REQUEST POST https://www.googleapis.com/oauth2/v3/token  
 <request body omitted>
[debug] [2021-11-18T16:36:12.604Z] <<< HTTP RESPONSE 200 {"cache-control":"no-cache, no-store, max-age=0, must-revalidate","pragma":"no-cache","date":"Thu, 18 Nov 2021 16:19:59 GMT","expires":"Mon, 01 Jan 1990 00:00:00 GMT","content-type":"application/json; charset=utf-8","vary":"X-Origin, Referer, Origin,Accept-Encoding","server":"scaffolding on HTTPServer2","x-xss-protection":"0","x-frame-options":"SAMEORIGIN","x-content-type-options":"nosniff","alt-svc":"h3=\":443\"; ma=2592000,h3-29=\":443\"; ma=2592000,h3-Q050=\":443\"; ma=2592000,h3-Q046=\":443\"; ma=2592000,h3-Q043=\":443\"; ma=2592000,quic=\":443\"; ma=2592000; v=\"46,43\"","accept-ranges":"none","transfer-encoding":"chunked"}
[debug] [2021-11-18T16:36:12.615Z] >>> [apiv2][query] GET https://firebase.googleapis.com/v1beta1/projects/react-dental-authentication [none]
[debug] [2021-11-18T16:36:13.162Z] <<< [apiv2][status] GET https://firebase.googleapis.com/v1beta1/projects/react-dental-authentication 403
[debug] [2021-11-18T16:36:13.162Z] <<< [apiv2][body] GET https://firebase.googleapis.com/v1beta1/projects/react-dental-authentication {"error":{"code":403,"message":"The caller does not have permission","status":"PERMISSION_DENIED"}}
[debug] [2021-11-18T16:36:13.163Z] HTTP Error: 403, The caller does not have permission
[debug] [2021-11-18T16:36:13.412Z] FirebaseError: HTTP Error: 403, The caller does not have permission
    at module.exports (C:\Users\User\AppData\Roaming\npm\node_modules\firebase-tools\lib\responseToError.js:38:12)
    at Client.doRequest (C:\Users\User\AppData\Roaming\npm\node_modules\firebase-tools\lib\apiv2.js:241:23)
    at processTicksAndRejections (internal/process/task_queues.js:95:5)
    at async Client.request (C:\Users\User\AppData\Roaming\npm\node_modules\firebase-tools\lib\apiv2.js:96:20)
    at async Object.getFirebaseProject (C:\Users\User\AppData\Roaming\npm\node_modules\firebase-tools\lib\management\projects.js:290:21)
    at async Object.doSetup [as project] (C:\Users\User\AppData\Roaming\npm\node_modules\firebase-tools\lib\init\features\project.js:77:27)
    at async init (C:\Users\User\AppData\Roaming\npm\node_modules\firebase-tools\lib\init\index.js:19:9)
[error] 
[error] Error: Failed to get Firebase project react-dental-authentication. Please make sure the project exists and your account has permission to access it.
[debug] [2021-11-18T16:38:04.766Z] ----------------------------------------------------------------------
[debug] [2021-11-18T16:38:04.769Z] Command:       C:\Program Files\nodejs\node.exe C:\Users\User\AppData\Roaming\npm\node_modules\firebase-tools\lib\bin\firebase.js init
[debug] [2021-11-18T16:38:04.769Z] CLI Version:   9.22.0
[debug] [2021-11-18T16:38:04.769Z] Platform:      win32
[debug] [2021-11-18T16:38:04.769Z] Node Version:  v14.17.1
[debug] [2021-11-18T16:38:04.770Z] Time:          Thu Nov 18 2021 22:38:04 GMT+0600 (Bangladesh Standard Time)
[debug] [2021-11-18T16:38:04.770Z] ----------------------------------------------------------------------
[debug] 
[debug] [2021-11-18T16:38:04.836Z] > command requires scopes: ["email","openid","https://www.googleapis.com/auth/cloudplatformprojects.readonly","https://www.googleapis.com/auth/firebase","https://www.googleapis.com/auth/cloud-platform"]
[debug] [2021-11-18T16:38:04.837Z] > authorizing via signed-in user (shamiurrahman1607a1997@gmail.com)
[info] 
     ######## #### ########  ######## ########     ###     ######  ########
     ##        ##  ##     ## ##       ##     ##  ##   ##  ##       ##
     ######    ##  ########  ######   ########  #########  ######  ######
     ##        ##  ##    ##  ##       ##     ## ##     ##       ## ##
     ##       #### ##     ## ######## ########  ##     ##  ######  ########

You're about to initialize a Firebase project in this directory:

  D:\T\tour

Before we get started, keep in mind:

  * You are initializing within an existing Firebase project directory

[info] 
=== Project Setup
[info] 
[info] First, let's associate this project directory with a Firebase project.
[info] You can create multiple project aliases by running firebase use --add, 
[info] but for now we'll just set up a default project.
[info] 
[info] i  .firebaserc already has a default project, using tour. 
[debug] [2021-11-18T16:38:20.101Z] >>> [apiv2][query] GET https://firebase.googleapis.com/v1beta1/projects/tour [none]
[debug] [2021-11-18T16:38:20.660Z] <<< [apiv2][status] GET https://firebase.googleapis.com/v1beta1/projects/tour 403
[debug] [2021-11-18T16:38:20.660Z] <<< [apiv2][body] GET https://firebase.googleapis.com/v1beta1/projects/tour {"error":{"code":403,"message":"The caller does not have permission","status":"PERMISSION_DENIED"}}
[debug] [2021-11-18T16:38:20.660Z] HTTP Error: 403, The caller does not have permission
[debug] [2021-11-18T16:38:20.914Z] FirebaseError: HTTP Error: 403, The caller does not have permission
    at module.exports (C:\Users\User\AppData\Roaming\npm\node_modules\firebase-tools\lib\responseToError.js:38:12)
    at Client.doRequest (C:\Users\User\AppData\Roaming\npm\node_modules\firebase-tools\lib\apiv2.js:241:23)
    at processTicksAndRejections (internal/process/task_queues.js:95:5)
    at async Client.request (C:\Users\User\AppData\Roaming\npm\node_modules\firebase-tools\lib\apiv2.js:96:20)
    at async Object.getFirebaseProject (C:\Users\User\AppData\Roaming\npm\node_modules\firebase-tools\lib\management\projects.js:290:21)
    at async Object.doSetup [as project] (C:\Users\User\AppData\Roaming\npm\node_modules\firebase-tools\lib\init\features\project.js:77:27)
    at async init (C:\Users\User\AppData\Roaming\npm\node_modules\firebase-tools\lib\init\index.js:19:9)
[error] 
[error] Error: Failed to get Firebase project tour. Please make sure the project exists and your account has permission to access it.
